INFO:[2017-03-20 23:25:10] admin удаление администратора (8)
INFO:[2017-03-20 23:26:58] admin добавление администратора us22  
INFO:[2017-03-20 23:27:39] добавление вопроса ;fg;fg;fg;'fg'fg в тему(9)  
INFO:[2017-03-23 17:48:31] admin перемещение вопроса (19)из темы (8) в тему (9)  
INFO:[2017-03-23 17:49:27] admin перемещение вопроса (17)из темы (4) в тему (1)  
INFO:[2017-03-23 20:10:35] admin добавление ответа на вопрос (19)  
INFO:[2017-03-27 16:49:24] добавление вопроса ,f,flgl;h;'j;'kj12346 в тему(8)  
INFO:[2017-03-27 16:50:31] admin добавление темы совсем ёёёёёёёёёёё  
INFO:[2017-03-27 16:51:08] admin удаление темы (4)  
INFO:[2017-03-27 16:52:28] admin изменение вопроса ';fg;fg;fg;'fg'fg 09876' (25)  
INFO:[2017-03-27 16:53:14] admin удаление вопроса (26)  
INFO:[2017-03-27 16:54:07] admin изменение вопроса 'oqoweoro 09876' (23)  
INFO:[2017-03-27 16:54:35] admin добавление ответа на вопрос (23)  
INFO:[2017-03-27 16:55:23] admin перемещение вопроса (23)из темы (1) в тему (5)  
INFO:[2017-03-27 16:55:43] admin удаление вопроса (20)  
INFO:[2017-03-27 16:56:23] admin изменение пароля администратора admin (1)  
INFO:[2017-03-27 16:56:28] admin удаление администратора (6)  
INFO:[2017-03-27 17:09:26] us22 изменение пароля администратора admin (1)  
INFO:[2017-03-27 17:19:17] us22 изменение пароля администратора qwerty (5)  
INFO:[2017-03-27 17:20:59] qwerty добавление администратора user1  
INFO:[2017-03-27 17:22:13] user1 удаление администратора (10)  
INFO:[2017-03-27 17:23:04] user1 изменение пароля администратора qwerty (5)  
